<?xml version="1.0" encoding="UTF-8"?>
<!-- Generated by org.testng.reporters.JUnitReportReporter -->
<testsuite hostname="DESKTOP-VDOHS87" failures="0" tests="1" name="RunnerFile.TestRunnerfile" time="6.754" errors="0" timestamp="2025-08-27T09:18:59 IST" skipped="0">
  <testcase classname="RunnerFile.TestRunnerfile" name="runScenario" time="6.754"/>
</testsuite> <!-- RunnerFile.TestRunnerfile -->
