<?xml version="1.0" encoding="UTF-8"?>
<!-- Generated by org.testng.reporters.JUnitReportReporter -->
<testsuite hostname="LAPTOP-NHNOAT4A" failures="0" tests="2" name="RunnerFile.FailedTestRunner" time="9.054" errors="0" timestamp="2025-08-22T18:29:45 IST" skipped="0">
  <testcase classname="RunnerFile.FailedTestRunner" name="runScenario" time="3.961"/>
  <testcase classname="RunnerFile.FailedTestRunner" name="runScenario" time="5.093"/>
</testsuite> <!-- RunnerFile.FailedTestRunner -->
