<?xml version="1.0" encoding="UTF-8"?>
<!-- Generated by org.testng.reporters.JUnitReportReporter -->
<testsuite hostname="DESKTOP-VDOHS87" failures="0" tests="6" name="RunnerFile.TestRunnerfile" time="24.640" errors="0" timestamp="2025-08-28T16:05:18 IST" skipped="0">
  <testcase classname="RunnerFile.TestRunnerfile" name="runScenario" time="6.356"/>
  <testcase classname="RunnerFile.TestRunnerfile" name="runScenario" time="3.142"/>
  <testcase classname="RunnerFile.TestRunnerfile" name="runScenario" time="3.693"/>
  <testcase classname="RunnerFile.TestRunnerfile" name="runScenario" time="3.789"/>
  <testcase classname="RunnerFile.TestRunnerfile" name="runScenario" time="3.767"/>
  <testcase classname="RunnerFile.TestRunnerfile" name="runScenario" time="3.893"/>
</testsuite> <!-- RunnerFile.TestRunnerfile -->
