<?xml version="1.0" encoding="UTF-8"?>
<!-- Generated by org.testng.reporters.JUnitReportReporter -->
<testsuite hostname="DESKTOP-VDOHS87" failures="0" tests="1" name="RunnerFile.TestRunnerfile" time="8.270" errors="0" timestamp="2025-08-27T13:08:09 IST" skipped="0">
  <testcase classname="RunnerFile.TestRunnerfile" name="runScenario" time="8.270"/>
</testsuite> <!-- RunnerFile.TestRunnerfile -->
