<?xml version="1.0" encoding="UTF-8"?>
<!-- Generated by org.testng.reporters.JUnitReportReporter -->
<testsuite hostname="DESKTOP-VDOHS87" failures="0" tests="6" name="RunnerFile.TestRunnerfile" time="25.142" errors="0" timestamp="2025-08-27T12:15:03 IST" skipped="0">
  <testcase classname="RunnerFile.TestRunnerfile" name="runScenario" time="5.759"/>
  <testcase classname="RunnerFile.TestRunnerfile" name="runScenario" time="4.100"/>
  <testcase classname="RunnerFile.TestRunnerfile" name="runScenario" time="3.635"/>
  <testcase classname="RunnerFile.TestRunnerfile" name="runScenario" time="4.094"/>
  <testcase classname="RunnerFile.TestRunnerfile" name="runScenario" time="3.744"/>
  <testcase classname="RunnerFile.TestRunnerfile" name="runScenario" time="3.810"/>
</testsuite> <!-- RunnerFile.TestRunnerfile -->
