<?xml version="1.0" encoding="UTF-8"?>
<!-- Generated by org.testng.reporters.JUnitReportReporter -->
<testsuite hostname="DESKTOP-VDOHS87" failures="0" tests="6" name="RunnerFile.TestRunnerfile" time="29.440" errors="0" timestamp="2025-08-28T16:08:49 IST" skipped="0">
  <testcase classname="RunnerFile.TestRunnerfile" name="runScenario" time="2.828"/>
  <testcase classname="RunnerFile.TestRunnerfile" name="runScenario" time="6.788"/>
  <testcase classname="RunnerFile.TestRunnerfile" name="runScenario" time="4.409"/>
  <testcase classname="RunnerFile.TestRunnerfile" name="runScenario" time="2.974"/>
  <testcase classname="RunnerFile.TestRunnerfile" name="runScenario" time="4.175"/>
  <testcase classname="RunnerFile.TestRunnerfile" name="runScenario" time="8.266"/>
</testsuite> <!-- RunnerFile.TestRunnerfile -->
